<?xml version="1.0" encoding="UTF-8"?>
<testng-results skipped="0" failed="1" total="7" passed="6">
  <reporter-output>
  </reporter-output>
  <suite name="cz.fi.muni.pz165.tests.CustomerTest" duration-ms="2781" started-at="2015-11-17T19:29:34Z" finished-at="2015-11-17T19:29:36Z">
    <groups>
    </groups>
    <test name="Command line test" duration-ms="2781" started-at="2015-11-17T19:29:34Z" finished-at="2015-11-17T19:29:36Z">
      <class name="cz.fi.muni.pz165.tests.CustomerTest">
        <test-method status="PASS" signature="springTestContextBeforeTestClass()[pri:0, instance:cz.fi.muni.pz165.tests.CustomerTest@854a21]" name="springTestContextBeforeTestClass" is-config="true" duration-ms="7" started-at="2015-11-17T20:29:34Z" finished-at="2015-11-17T20:29:34Z">
          <reporter-output>
          </reporter-output>
        </test-method> <!-- springTestContextBeforeTestClass -->
        <test-method status="PASS" signature="springTestContextPrepareTestInstance()[pri:0, instance:cz.fi.muni.pz165.tests.CustomerTest@854a21]" name="springTestContextPrepareTestInstance" is-config="true" duration-ms="2424" started-at="2015-11-17T20:29:34Z" depends-on-methods="org.springframework.test.context.testng.AbstractTestNGSpringContextTests.springTestContextBeforeTestClass" finished-at="2015-11-17T20:29:36Z">
          <reporter-output>
          </reporter-output>
        </test-method> <!-- springTestContextPrepareTestInstance -->
        <test-method status="PASS" signature="springTestContextBeforeTestMethod(java.lang.reflect.Method)[pri:0, instance:cz.fi.muni.pz165.tests.CustomerTest@854a21]" name="springTestContextBeforeTestMethod" is-config="true" duration-ms="49" started-at="2015-11-17T20:29:36Z" finished-at="2015-11-17T20:29:36Z">
          <params>
            <param index="0">
              <value>
                <![CDATA[public void cz.fi.muni.pz165.tests.CustomerTest.createNullNameTest()]]>
              </value>
            </param>
          </params>
          <reporter-output>
          </reporter-output>
        </test-method> <!-- springTestContextBeforeTestMethod -->
        <test-method status="PASS" signature="iniTest()[pri:0, instance:cz.fi.muni.pz165.tests.CustomerTest@854a21]" name="iniTest" is-config="true" duration-ms="1" started-at="2015-11-17T20:29:36Z" finished-at="2015-11-17T20:29:36Z">
          <reporter-output>
          </reporter-output>
        </test-method> <!-- iniTest -->
        <test-method status="FAIL" signature="createNullNameTest()[pri:0, instance:cz.fi.muni.pz165.tests.CustomerTest@854a21]" name="createNullNameTest" duration-ms="95" started-at="2015-11-17T20:29:36Z" finished-at="2015-11-17T20:29:36Z">
          <exception class="org.testng.TestException">
            <message>
              <![CDATA[
Expected exception javax.persistence.PersistenceException but got org.testng.TestException: 
Expected exception javax.persistence.PersistenceException but got javax.validation.ConstraintViolationException: Validation failed for classes [cz.fi.muni.pa165.dogbarber.entity.Customer] during persist time for groups [javax.validation.groups.Default, ]
List of constraint violations:[
	ConstraintViolationImpl{interpolatedMessage='may not be null', propertyPath=name, rootBeanClass=class cz.fi.muni.pa165.dogbarber.entity.Customer, messageTemplate='{javax.validation.constraints.NotNull.message}'}
]]]>
            </message>
            <full-stacktrace>
              <![CDATA[org.testng.TestException: 
Expected exception javax.persistence.PersistenceException but got org.testng.TestException: 
Expected exception javax.persistence.PersistenceException but got javax.validation.ConstraintViolationException: Validation failed for classes [cz.fi.muni.pa165.dogbarber.entity.Customer] during persist time for groups [javax.validation.groups.Default, ]
List of constraint violations:[
	ConstraintViolationImpl{interpolatedMessage='may not be null', propertyPath=name, rootBeanClass=class cz.fi.muni.pa165.dogbarber.entity.Customer, messageTemplate='{javax.validation.constraints.NotNull.message}'}
]
	at org.testng.internal.Invoker.handleInvocationResults(Invoker.java:1497)
	at org.testng.internal.Invoker.invokeTestMethods(Invoker.java:1245)
	at org.testng.internal.TestMethodWorker.invokeTestMethods(TestMethodWorker.java:127)
	at org.testng.internal.TestMethodWorker.run(TestMethodWorker.java:111)
	at org.testng.TestRunner.privateRun(TestRunner.java:767)
	at org.testng.TestRunner.run(TestRunner.java:617)
	at org.testng.SuiteRunner.runTest(SuiteRunner.java:348)
	at org.testng.SuiteRunner.runSequentially(SuiteRunner.java:343)
	at org.testng.SuiteRunner.privateRun(SuiteRunner.java:305)
	at org.testng.SuiteRunner.run(SuiteRunner.java:254)
	at org.testng.SuiteRunnerWorker.runSuite(SuiteRunnerWorker.java:52)
	at org.testng.SuiteRunnerWorker.run(SuiteRunnerWorker.java:86)
	at org.testng.TestNG.runSuitesSequentially(TestNG.java:1224)
	at org.testng.TestNG.runSuitesLocally(TestNG.java:1149)
	at org.testng.TestNG.run(TestNG.java:1057)
	at org.apache.maven.surefire.testng.TestNGExecutor.run(TestNGExecutor.java:70)
	at org.apache.maven.surefire.testng.TestNGDirectoryTestSuite.execute(TestNGDirectoryTestSuite.java:108)
	at org.apache.maven.surefire.testng.TestNGProvider.invoke(TestNGProvider.java:111)
	at sun.reflect.NativeMethodAccessorImpl.invoke0(Native Method)
	at sun.reflect.NativeMethodAccessorImpl.invoke(NativeMethodAccessorImpl.java:57)
	at sun.reflect.DelegatingMethodAccessorImpl.invoke(DelegatingMethodAccessorImpl.java:43)
	at java.lang.reflect.Method.invoke(Method.java:606)
	at org.apache.maven.surefire.util.ReflectionUtils.invokeMethodWithArray(ReflectionUtils.java:164)
	at org.apache.maven.surefire.booter.ProviderFactory$ProviderProxy.invoke(ProviderFactory.java:110)
	at org.apache.maven.surefire.booter.SurefireStarter.invokeProvider(SurefireStarter.java:172)
	at org.apache.maven.surefire.booter.SurefireStarter.runSuitesInProcessWhenForked(SurefireStarter.java:104)
	at org.apache.maven.surefire.booter.ForkedBooter.main(ForkedBooter.java:70)
Caused by: org.testng.TestException: 
Expected exception javax.persistence.PersistenceException but got javax.validation.ConstraintViolationException: Validation failed for classes [cz.fi.muni.pa165.dogbarber.entity.Customer] during persist time for groups [javax.validation.groups.Default, ]
List of constraint violations:[
	ConstraintViolationImpl{interpolatedMessage='may not be null', propertyPath=name, rootBeanClass=class cz.fi.muni.pa165.dogbarber.entity.Customer, messageTemplate='{javax.validation.constraints.NotNull.message}'}
]
	at org.testng.internal.Invoker.handleInvocationResults(Invoker.java:1497)
	at org.testng.internal.Invoker.invokeMethod(Invoker.java:754)
	at org.testng.internal.Invoker.invokeTestMethod(Invoker.java:901)
	at org.testng.internal.Invoker.invokeTestMethods(Invoker.java:1231)
	... 25 more
Caused by: javax.validation.ConstraintViolationException: Validation failed for classes [cz.fi.muni.pa165.dogbarber.entity.Customer] during persist time for groups [javax.validation.groups.Default, ]
List of constraint violations:[
	ConstraintViolationImpl{interpolatedMessage='may not be null', propertyPath=name, rootBeanClass=class cz.fi.muni.pa165.dogbarber.entity.Customer, messageTemplate='{javax.validation.constraints.NotNull.message}'}
]
	at org.hibernate.cfg.beanvalidation.BeanValidationEventListener.validate(BeanValidationEventListener.java:160)
	at org.hibernate.cfg.beanvalidation.BeanValidationEventListener.onPreInsert(BeanValidationEventListener.java:95)
	at org.hibernate.action.internal.EntityIdentityInsertAction.preInsert(EntityIdentityInsertAction.java:214)
	at org.hibernate.action.internal.EntityIdentityInsertAction.execute(EntityIdentityInsertAction.java:92)
	at org.hibernate.engine.spi.ActionQueue.execute(ActionQueue.java:490)
	at org.hibernate.engine.spi.ActionQueue.addResolvedEntityInsertAction(ActionQueue.java:195)
	at org.hibernate.engine.spi.ActionQueue.addInsertAction(ActionQueue.java:179)
	at org.hibernate.engine.spi.ActionQueue.addAction(ActionQueue.java:214)
	at org.hibernate.event.internal.AbstractSaveEventListener.addInsertAction(AbstractSaveEventListener.java:324)
	at org.hibernate.event.internal.AbstractSaveEventListener.performSaveOrReplicate(AbstractSaveEventListener.java:288)
	at org.hibernate.event.internal.AbstractSaveEventListener.performSave(AbstractSaveEventListener.java:194)
	at org.hibernate.event.internal.AbstractSaveEventListener.saveWithGeneratedId(AbstractSaveEventListener.java:125)
	at org.hibernate.jpa.event.internal.core.JpaPersistEventListener.saveWithGeneratedId(JpaPersistEventListener.java:84)
	at org.hibernate.event.internal.DefaultPersistEventListener.entityIsTransient(DefaultPersistEventListener.java:206)
	at org.hibernate.event.internal.DefaultPersistEventListener.onPersist(DefaultPersistEventListener.java:149)
	at org.hibernate.event.internal.DefaultPersistEventListener.onPersist(DefaultPersistEventListener.java:75)
	at org.hibernate.internal.SessionImpl.firePersist(SessionImpl.java:811)
	at org.hibernate.internal.SessionImpl.persist(SessionImpl.java:784)
	at org.hibernate.internal.SessionImpl.persist(SessionImpl.java:789)
	at org.hibernate.jpa.spi.AbstractEntityManagerImpl.persist(AbstractEntityManagerImpl.java:1181)
	at sun.reflect.NativeMethodAccessorImpl.invoke0(Native Method)
	at sun.reflect.NativeMethodAccessorImpl.invoke(NativeMethodAccessorImpl.java:57)
	at sun.reflect.DelegatingMethodAccessorImpl.invoke(DelegatingMethodAccessorImpl.java:43)
	at java.lang.reflect.Method.invoke(Method.java:606)
	at org.springframework.orm.jpa.SharedEntityManagerCreator$SharedEntityManagerInvocationHandler.invoke(SharedEntityManagerCreator.java:289)
	at com.sun.proxy.$Proxy39.persist(Unknown Source)
	at cz.fi.muni.pa165.dogbarber.dao.CustomerDaoImpl.createCustomer(CustomerDaoImpl.java:34)
	at sun.reflect.NativeMethodAccessorImpl.invoke0(Native Method)
	at sun.reflect.NativeMethodAccessorImpl.invoke(NativeMethodAccessorImpl.java:57)
	at sun.reflect.DelegatingMethodAccessorImpl.invoke(DelegatingMethodAccessorImpl.java:43)
	at java.lang.reflect.Method.invoke(Method.java:606)
	at org.springframework.aop.support.AopUtils.invokeJoinpointUsingReflection(AopUtils.java:317)
	at org.springframework.aop.framework.ReflectiveMethodInvocation.invokeJoinpoint(ReflectiveMethodInvocation.java:190)
	at org.springframework.aop.framework.ReflectiveMethodInvocation.proceed(ReflectiveMethodInvocation.java:157)
	at org.springframework.transaction.interceptor.TransactionInterceptor$1.proceedWithInvocation(TransactionInterceptor.java:98)
	at org.springframework.transaction.interceptor.TransactionAspectSupport.invokeWithinTransaction(TransactionAspectSupport.java:262)
	at org.springframework.transaction.interceptor.TransactionInterceptor.invoke(TransactionInterceptor.java:95)
	at org.springframework.aop.framework.ReflectiveMethodInvocation.proceed(ReflectiveMethodInvocation.java:179)
	at org.springframework.aop.framework.JdkDynamicAopProxy.invoke(JdkDynamicAopProxy.java:207)
	at com.sun.proxy.$Proxy41.createCustomer(Unknown Source)
	at cz.fi.muni.pz165.tests.CustomerTest.createNullNameTest(CustomerTest.java:83)
	at sun.reflect.NativeMethodAccessorImpl.invoke0(Native Method)
	at sun.reflect.NativeMethodAccessorImpl.invoke(NativeMethodAccessorImpl.java:57)
	at sun.reflect.DelegatingMethodAccessorImpl.invoke(DelegatingMethodAccessorImpl.java:43)
	at java.lang.reflect.Method.invoke(Method.java:606)
	at org.testng.internal.MethodInvocationHelper.invokeMethod(MethodInvocationHelper.java:84)
	at org.testng.internal.MethodInvocationHelper$1.runTestMethod(MethodInvocationHelper.java:200)
	at org.springframework.test.context.testng.AbstractTestNGSpringContextTests.run(AbstractTestNGSpringContextTests.java:172)
	at sun.reflect.NativeMethodAccessorImpl.invoke0(Native Method)
	at sun.reflect.NativeMethodAccessorImpl.invoke(NativeMethodAccessorImpl.java:57)
	at sun.reflect.DelegatingMethodAccessorImpl.invoke(DelegatingMethodAccessorImpl.java:43)
	at java.lang.reflect.Method.invoke(Method.java:606)
	at org.testng.internal.MethodInvocationHelper.invokeHookable(MethodInvocationHelper.java:212)
	at org.testng.internal.Invoker.invokeMethod(Invoker.java:707)
	... 27 more
]]>
            </full-stacktrace>
          </exception> <!-- org.testng.TestException -->
          <reporter-output>
          </reporter-output>
        </test-method> <!-- createNullNameTest -->
        <test-method status="PASS" signature="springTestContextAfterTestMethod(java.lang.reflect.Method)[pri:0, instance:cz.fi.muni.pz165.tests.CustomerTest@854a21]" name="springTestContextAfterTestMethod" is-config="true" duration-ms="5" started-at="2015-11-17T20:29:36Z" finished-at="2015-11-17T20:29:36Z">
          <params>
            <param index="0">
              <value>
                <![CDATA[public void cz.fi.muni.pz165.tests.CustomerTest.createNullNameTest()]]>
              </value>
            </param>
          </params>
          <reporter-output>
          </reporter-output>
        </test-method> <!-- springTestContextAfterTestMethod -->
        <test-method status="PASS" signature="springTestContextBeforeTestMethod(java.lang.reflect.Method)[pri:0, instance:cz.fi.muni.pz165.tests.CustomerTest@854a21]" name="springTestContextBeforeTestMethod" is-config="true" duration-ms="2" started-at="2015-11-17T20:29:36Z" finished-at="2015-11-17T20:29:36Z">
          <params>
            <param index="0">
              <value>
                <![CDATA[public void cz.fi.muni.pz165.tests.CustomerTest.createNullTest()]]>
              </value>
            </param>
          </params>
          <reporter-output>
          </reporter-output>
        </test-method> <!-- springTestContextBeforeTestMethod -->
        <test-method status="PASS" signature="iniTest()[pri:0, instance:cz.fi.muni.pz165.tests.CustomerTest@854a21]" name="iniTest" is-config="true" duration-ms="0" started-at="2015-11-17T20:29:36Z" finished-at="2015-11-17T20:29:36Z">
          <reporter-output>
          </reporter-output>
        </test-method> <!-- iniTest -->
        <test-method status="PASS" signature="createNullTest()[pri:0, instance:cz.fi.muni.pz165.tests.CustomerTest@854a21]" name="createNullTest" duration-ms="0" started-at="2015-11-17T20:29:36Z" finished-at="2015-11-17T20:29:36Z">
          <exception class="java.lang.IllegalArgumentException">
            <message>
              <![CDATA[attempt to create create event with null entity]]>
            </message>
            <full-stacktrace>
              <![CDATA[java.lang.IllegalArgumentException: attempt to create create event with null entity
	at org.hibernate.event.spi.PersistEvent.<init>(PersistEvent.java:44)
	at org.hibernate.event.spi.PersistEvent.<init>(PersistEvent.java:37)
	at org.hibernate.internal.SessionImpl.persist(SessionImpl.java:784)
	at org.hibernate.internal.SessionImpl.persist(SessionImpl.java:789)
	at org.hibernate.jpa.spi.AbstractEntityManagerImpl.persist(AbstractEntityManagerImpl.java:1181)
	at sun.reflect.NativeMethodAccessorImpl.invoke0(Native Method)
	at sun.reflect.NativeMethodAccessorImpl.invoke(NativeMethodAccessorImpl.java:57)
	at sun.reflect.DelegatingMethodAccessorImpl.invoke(DelegatingMethodAccessorImpl.java:43)
	at java.lang.reflect.Method.invoke(Method.java:606)
	at org.springframework.orm.jpa.SharedEntityManagerCreator$SharedEntityManagerInvocationHandler.invoke(SharedEntityManagerCreator.java:289)
	at com.sun.proxy.$Proxy39.persist(Unknown Source)
	at cz.fi.muni.pa165.dogbarber.dao.CustomerDaoImpl.createCustomer(CustomerDaoImpl.java:34)
	at sun.reflect.NativeMethodAccessorImpl.invoke0(Native Method)
	at sun.reflect.NativeMethodAccessorImpl.invoke(NativeMethodAccessorImpl.java:57)
	at sun.reflect.DelegatingMethodAccessorImpl.invoke(DelegatingMethodAccessorImpl.java:43)
	at java.lang.reflect.Method.invoke(Method.java:606)
	at org.springframework.aop.support.AopUtils.invokeJoinpointUsingReflection(AopUtils.java:317)
	at org.springframework.aop.framework.ReflectiveMethodInvocation.invokeJoinpoint(ReflectiveMethodInvocation.java:190)
	at org.springframework.aop.framework.ReflectiveMethodInvocation.proceed(ReflectiveMethodInvocation.java:157)
	at org.springframework.transaction.interceptor.TransactionInterceptor$1.proceedWithInvocation(TransactionInterceptor.java:98)
	at org.springframework.transaction.interceptor.TransactionAspectSupport.invokeWithinTransaction(TransactionAspectSupport.java:262)
	at org.springframework.transaction.interceptor.TransactionInterceptor.invoke(TransactionInterceptor.java:95)
	at org.springframework.aop.framework.ReflectiveMethodInvocation.proceed(ReflectiveMethodInvocation.java:179)
	at org.springframework.aop.framework.JdkDynamicAopProxy.invoke(JdkDynamicAopProxy.java:207)
	at com.sun.proxy.$Proxy41.createCustomer(Unknown Source)
	at cz.fi.muni.pz165.tests.CustomerTest.createNullTest(CustomerTest.java:77)
	at sun.reflect.NativeMethodAccessorImpl.invoke0(Native Method)
	at sun.reflect.NativeMethodAccessorImpl.invoke(NativeMethodAccessorImpl.java:57)
	at sun.reflect.DelegatingMethodAccessorImpl.invoke(DelegatingMethodAccessorImpl.java:43)
	at java.lang.reflect.Method.invoke(Method.java:606)
	at org.testng.internal.MethodInvocationHelper.invokeMethod(MethodInvocationHelper.java:84)
	at org.testng.internal.MethodInvocationHelper$1.runTestMethod(MethodInvocationHelper.java:200)
	at org.springframework.test.context.testng.AbstractTestNGSpringContextTests.run(AbstractTestNGSpringContextTests.java:172)
	at sun.reflect.NativeMethodAccessorImpl.invoke0(Native Method)
	at sun.reflect.NativeMethodAccessorImpl.invoke(NativeMethodAccessorImpl.java:57)
	at sun.reflect.DelegatingMethodAccessorImpl.invoke(DelegatingMethodAccessorImpl.java:43)
	at java.lang.reflect.Method.invoke(Method.java:606)
	at org.testng.internal.MethodInvocationHelper.invokeHookable(MethodInvocationHelper.java:212)
	at org.testng.internal.Invoker.invokeMethod(Invoker.java:707)
	at org.testng.internal.Invoker.invokeTestMethod(Invoker.java:901)
	at org.testng.internal.Invoker.invokeTestMethods(Invoker.java:1231)
	at org.testng.internal.TestMethodWorker.invokeTestMethods(TestMethodWorker.java:127)
	at org.testng.internal.TestMethodWorker.run(TestMethodWorker.java:111)
	at org.testng.TestRunner.privateRun(TestRunner.java:767)
	at org.testng.TestRunner.run(TestRunner.java:617)
	at org.testng.SuiteRunner.runTest(SuiteRunner.java:348)
	at org.testng.SuiteRunner.runSequentially(SuiteRunner.java:343)
	at org.testng.SuiteRunner.privateRun(SuiteRunner.java:305)
	at org.testng.SuiteRunner.run(SuiteRunner.java:254)
	at org.testng.SuiteRunnerWorker.runSuite(SuiteRunnerWorker.java:52)
	at org.testng.SuiteRunnerWorker.run(SuiteRunnerWorker.java:86)
	at org.testng.TestNG.runSuitesSequentially(TestNG.java:1224)
	at org.testng.TestNG.runSuitesLocally(TestNG.java:1149)
	at org.testng.TestNG.run(TestNG.java:1057)
	at org.apache.maven.surefire.testng.TestNGExecutor.run(TestNGExecutor.java:70)
	at org.apache.maven.surefire.testng.TestNGDirectoryTestSuite.execute(TestNGDirectoryTestSuite.java:108)
	at org.apache.maven.surefire.testng.TestNGProvider.invoke(TestNGProvider.java:111)
	at sun.reflect.NativeMethodAccessorImpl.invoke0(Native Method)
	at sun.reflect.NativeMethodAccessorImpl.invoke(NativeMethodAccessorImpl.java:57)
	at sun.reflect.DelegatingMethodAccessorImpl.invoke(DelegatingMethodAccessorImpl.java:43)
	at java.lang.reflect.Method.invoke(Method.java:606)
	at org.apache.maven.surefire.util.ReflectionUtils.invokeMethodWithArray(ReflectionUtils.java:164)
	at org.apache.maven.surefire.booter.ProviderFactory$ProviderProxy.invoke(ProviderFactory.java:110)
	at org.apache.maven.surefire.booter.SurefireStarter.invokeProvider(SurefireStarter.java:172)
	at org.apache.maven.surefire.booter.SurefireStarter.runSuitesInProcessWhenForked(SurefireStarter.java:104)
	at org.apache.maven.surefire.booter.ForkedBooter.main(ForkedBooter.java:70)
]]>
            </full-stacktrace>
          </exception> <!-- java.lang.IllegalArgumentException -->
          <reporter-output>
          </reporter-output>
        </test-method> <!-- createNullTest -->
        <test-method status="PASS" signature="springTestContextAfterTestMethod(java.lang.reflect.Method)[pri:0, instance:cz.fi.muni.pz165.tests.CustomerTest@854a21]" name="springTestContextAfterTestMethod" is-config="true" duration-ms="1" started-at="2015-11-17T20:29:36Z" finished-at="2015-11-17T20:29:36Z">
          <params>
            <param index="0">
              <value>
                <![CDATA[public void cz.fi.muni.pz165.tests.CustomerTest.createNullTest()]]>
              </value>
            </param>
          </params>
          <reporter-output>
          </reporter-output>
        </test-method> <!-- springTestContextAfterTestMethod -->
        <test-method status="PASS" signature="springTestContextBeforeTestMethod(java.lang.reflect.Method)[pri:0, instance:cz.fi.muni.pz165.tests.CustomerTest@854a21]" name="springTestContextBeforeTestMethod" is-config="true" duration-ms="2" started-at="2015-11-17T20:29:36Z" finished-at="2015-11-17T20:29:36Z">
          <params>
            <param index="0">
              <value>
                <![CDATA[public void cz.fi.muni.pz165.tests.CustomerTest.createSuccessTest()]]>
              </value>
            </param>
          </params>
          <reporter-output>
          </reporter-output>
        </test-method> <!-- springTestContextBeforeTestMethod -->
        <test-method status="PASS" signature="createSuccessTest()[pri:0, instance:cz.fi.muni.pz165.tests.CustomerTest@854a21]" name="createSuccessTest" duration-ms="29" started-at="2015-11-17T20:29:36Z" finished-at="2015-11-17T20:29:36Z">
          <reporter-output>
          </reporter-output>
        </test-method> <!-- createSuccessTest -->
        <test-method status="PASS" signature="iniTest()[pri:0, instance:cz.fi.muni.pz165.tests.CustomerTest@854a21]" name="iniTest" is-config="true" duration-ms="0" started-at="2015-11-17T20:29:36Z" finished-at="2015-11-17T20:29:36Z">
          <reporter-output>
          </reporter-output>
        </test-method> <!-- iniTest -->
        <test-method status="PASS" signature="springTestContextAfterTestMethod(java.lang.reflect.Method)[pri:0, instance:cz.fi.muni.pz165.tests.CustomerTest@854a21]" name="springTestContextAfterTestMethod" is-config="true" duration-ms="3" started-at="2015-11-17T20:29:36Z" finished-at="2015-11-17T20:29:36Z">
          <params>
            <param index="0">
              <value>
                <![CDATA[public void cz.fi.muni.pz165.tests.CustomerTest.createSuccessTest()]]>
              </value>
            </param>
          </params>
          <reporter-output>
          </reporter-output>
        </test-method> <!-- springTestContextAfterTestMethod -->
        <test-method status="PASS" signature="springTestContextBeforeTestMethod(java.lang.reflect.Method)[pri:0, instance:cz.fi.muni.pz165.tests.CustomerTest@854a21]" name="springTestContextBeforeTestMethod" is-config="true" duration-ms="2" started-at="2015-11-17T20:29:36Z" finished-at="2015-11-17T20:29:36Z">
          <params>
            <param index="0">
              <value>
                <![CDATA[public void cz.fi.muni.pz165.tests.CustomerTest.deleteNullTest()]]>
              </value>
            </param>
          </params>
          <reporter-output>
          </reporter-output>
        </test-method> <!-- springTestContextBeforeTestMethod -->
        <test-method status="PASS" signature="deleteNullTest()[pri:0, instance:cz.fi.muni.pz165.tests.CustomerTest@854a21]" name="deleteNullTest" duration-ms="0" started-at="2015-11-17T20:29:36Z" finished-at="2015-11-17T20:29:36Z">
          <exception class="java.lang.IllegalArgumentException">
            <message>
              <![CDATA[Tried to delete null entity.]]>
            </message>
            <full-stacktrace>
              <![CDATA[java.lang.IllegalArgumentException: Tried to delete null entity.
	at cz.fi.muni.pa165.dogbarber.dao.CustomerDaoImpl.deleteCustomer(CustomerDaoImpl.java:40)
	at sun.reflect.NativeMethodAccessorImpl.invoke0(Native Method)
	at sun.reflect.NativeMethodAccessorImpl.invoke(NativeMethodAccessorImpl.java:57)
	at sun.reflect.DelegatingMethodAccessorImpl.invoke(DelegatingMethodAccessorImpl.java:43)
	at java.lang.reflect.Method.invoke(Method.java:606)
	at org.springframework.aop.support.AopUtils.invokeJoinpointUsingReflection(AopUtils.java:317)
	at org.springframework.aop.framework.ReflectiveMethodInvocation.invokeJoinpoint(ReflectiveMethodInvocation.java:190)
	at org.springframework.aop.framework.ReflectiveMethodInvocation.proceed(ReflectiveMethodInvocation.java:157)
	at org.springframework.transaction.interceptor.TransactionInterceptor$1.proceedWithInvocation(TransactionInterceptor.java:98)
	at org.springframework.transaction.interceptor.TransactionAspectSupport.invokeWithinTransaction(TransactionAspectSupport.java:262)
	at org.springframework.transaction.interceptor.TransactionInterceptor.invoke(TransactionInterceptor.java:95)
	at org.springframework.aop.framework.ReflectiveMethodInvocation.proceed(ReflectiveMethodInvocation.java:179)
	at org.springframework.aop.framework.JdkDynamicAopProxy.invoke(JdkDynamicAopProxy.java:207)
	at com.sun.proxy.$Proxy41.deleteCustomer(Unknown Source)
	at cz.fi.muni.pz165.tests.CustomerTest.deleteNullTest(CustomerTest.java:95)
	at sun.reflect.NativeMethodAccessorImpl.invoke0(Native Method)
	at sun.reflect.NativeMethodAccessorImpl.invoke(NativeMethodAccessorImpl.java:57)
	at sun.reflect.DelegatingMethodAccessorImpl.invoke(DelegatingMethodAccessorImpl.java:43)
	at java.lang.reflect.Method.invoke(Method.java:606)
	at org.testng.internal.MethodInvocationHelper.invokeMethod(MethodInvocationHelper.java:84)
	at org.testng.internal.MethodInvocationHelper$1.runTestMethod(MethodInvocationHelper.java:200)
	at org.springframework.test.context.testng.AbstractTestNGSpringContextTests.run(AbstractTestNGSpringContextTests.java:172)
	at sun.reflect.NativeMethodAccessorImpl.invoke0(Native Method)
	at sun.reflect.NativeMethodAccessorImpl.invoke(NativeMethodAccessorImpl.java:57)
	at sun.reflect.DelegatingMethodAccessorImpl.invoke(DelegatingMethodAccessorImpl.java:43)
	at java.lang.reflect.Method.invoke(Method.java:606)
	at org.testng.internal.MethodInvocationHelper.invokeHookable(MethodInvocationHelper.java:212)
	at org.testng.internal.Invoker.invokeMethod(Invoker.java:707)
	at org.testng.internal.Invoker.invokeTestMethod(Invoker.java:901)
	at org.testng.internal.Invoker.invokeTestMethods(Invoker.java:1231)
	at org.testng.internal.TestMethodWorker.invokeTestMethods(TestMethodWorker.java:127)
	at org.testng.internal.TestMethodWorker.run(TestMethodWorker.java:111)
	at org.testng.TestRunner.privateRun(TestRunner.java:767)
	at org.testng.TestRunner.run(TestRunner.java:617)
	at org.testng.SuiteRunner.runTest(SuiteRunner.java:348)
	at org.testng.SuiteRunner.runSequentially(SuiteRunner.java:343)
	at org.testng.SuiteRunner.privateRun(SuiteRunner.java:305)
	at org.testng.SuiteRunner.run(SuiteRunner.java:254)
	at org.testng.SuiteRunnerWorker.runSuite(SuiteRunnerWorker.java:52)
	at org.testng.SuiteRunnerWorker.run(SuiteRunnerWorker.java:86)
	at org.testng.TestNG.runSuitesSequentially(TestNG.java:1224)
	at org.testng.TestNG.runSuitesLocally(TestNG.java:1149)
	at org.testng.TestNG.run(TestNG.java:1057)
	at org.apache.maven.surefire.testng.TestNGExecutor.run(TestNGExecutor.java:70)
	at org.apache.maven.surefire.testng.TestNGDirectoryTestSuite.execute(TestNGDirectoryTestSuite.java:108)
	at org.apache.maven.surefire.testng.TestNGProvider.invoke(TestNGProvider.java:111)
	at sun.reflect.NativeMethodAccessorImpl.invoke0(Native Method)
	at sun.reflect.NativeMethodAccessorImpl.invoke(NativeMethodAccessorImpl.java:57)
	at sun.reflect.DelegatingMethodAccessorImpl.invoke(DelegatingMethodAccessorImpl.java:43)
	at java.lang.reflect.Method.invoke(Method.java:606)
	at org.apache.maven.surefire.util.ReflectionUtils.invokeMethodWithArray(ReflectionUtils.java:164)
	at org.apache.maven.surefire.booter.ProviderFactory$ProviderProxy.invoke(ProviderFactory.java:110)
	at org.apache.maven.surefire.booter.SurefireStarter.invokeProvider(SurefireStarter.java:172)
	at org.apache.maven.surefire.booter.SurefireStarter.runSuitesInProcessWhenForked(SurefireStarter.java:104)
	at org.apache.maven.surefire.booter.ForkedBooter.main(ForkedBooter.java:70)
]]>
            </full-stacktrace>
          </exception> <!-- java.lang.IllegalArgumentException -->
          <reporter-output>
          </reporter-output>
        </test-method> <!-- deleteNullTest -->
        <test-method status="PASS" signature="springTestContextAfterTestMethod(java.lang.reflect.Method)[pri:0, instance:cz.fi.muni.pz165.tests.CustomerTest@854a21]" name="springTestContextAfterTestMethod" is-config="true" duration-ms="1" started-at="2015-11-17T20:29:36Z" finished-at="2015-11-17T20:29:36Z">
          <params>
            <param index="0">
              <value>
                <![CDATA[public void cz.fi.muni.pz165.tests.CustomerTest.deleteNullTest()]]>
              </value>
            </param>
          </params>
          <reporter-output>
          </reporter-output>
        </test-method> <!-- springTestContextAfterTestMethod -->
        <test-method status="PASS" signature="iniTest()[pri:0, instance:cz.fi.muni.pz165.tests.CustomerTest@854a21]" name="iniTest" is-config="true" duration-ms="0" started-at="2015-11-17T20:29:36Z" finished-at="2015-11-17T20:29:36Z">
          <reporter-output>
          </reporter-output>
        </test-method> <!-- iniTest -->
        <test-method status="PASS" signature="springTestContextBeforeTestMethod(java.lang.reflect.Method)[pri:0, instance:cz.fi.muni.pz165.tests.CustomerTest@854a21]" name="springTestContextBeforeTestMethod" is-config="true" duration-ms="2" started-at="2015-11-17T20:29:36Z" finished-at="2015-11-17T20:29:36Z">
          <params>
            <param index="0">
              <value>
                <![CDATA[public void cz.fi.muni.pz165.tests.CustomerTest.deleteTest()]]>
              </value>
            </param>
          </params>
          <reporter-output>
          </reporter-output>
        </test-method> <!-- springTestContextBeforeTestMethod -->
        <test-method status="PASS" signature="iniTest()[pri:0, instance:cz.fi.muni.pz165.tests.CustomerTest@854a21]" name="iniTest" is-config="true" duration-ms="0" started-at="2015-11-17T20:29:36Z" finished-at="2015-11-17T20:29:36Z">
          <reporter-output>
          </reporter-output>
        </test-method> <!-- iniTest -->
        <test-method status="PASS" signature="deleteTest()[pri:0, instance:cz.fi.muni.pz165.tests.CustomerTest@854a21]" name="deleteTest" duration-ms="130" started-at="2015-11-17T20:29:36Z" finished-at="2015-11-17T20:29:36Z">
          <reporter-output>
          </reporter-output>
        </test-method> <!-- deleteTest -->
        <test-method status="PASS" signature="springTestContextAfterTestMethod(java.lang.reflect.Method)[pri:0, instance:cz.fi.muni.pz165.tests.CustomerTest@854a21]" name="springTestContextAfterTestMethod" is-config="true" duration-ms="2" started-at="2015-11-17T20:29:36Z" finished-at="2015-11-17T20:29:36Z">
          <params>
            <param index="0">
              <value>
                <![CDATA[public void cz.fi.muni.pz165.tests.CustomerTest.deleteTest()]]>
              </value>
            </param>
          </params>
          <reporter-output>
          </reporter-output>
        </test-method> <!-- springTestContextAfterTestMethod -->
        <test-method status="PASS" signature="springTestContextBeforeTestMethod(java.lang.reflect.Method)[pri:0, instance:cz.fi.muni.pz165.tests.CustomerTest@854a21]" name="springTestContextBeforeTestMethod" is-config="true" duration-ms="2" started-at="2015-11-17T20:29:36Z" finished-at="2015-11-17T20:29:36Z">
          <params>
            <param index="0">
              <value>
                <![CDATA[public void cz.fi.muni.pz165.tests.CustomerTest.findAllTest()]]>
              </value>
            </param>
          </params>
          <reporter-output>
          </reporter-output>
        </test-method> <!-- springTestContextBeforeTestMethod -->
        <test-method status="PASS" signature="findAllTest()[pri:0, instance:cz.fi.muni.pz165.tests.CustomerTest@854a21]" name="findAllTest" duration-ms="3" started-at="2015-11-17T20:29:36Z" finished-at="2015-11-17T20:29:36Z">
          <reporter-output>
          </reporter-output>
        </test-method> <!-- findAllTest -->
        <test-method status="PASS" signature="iniTest()[pri:0, instance:cz.fi.muni.pz165.tests.CustomerTest@854a21]" name="iniTest" is-config="true" duration-ms="0" started-at="2015-11-17T20:29:36Z" finished-at="2015-11-17T20:29:36Z">
          <reporter-output>
          </reporter-output>
        </test-method> <!-- iniTest -->
        <test-method status="PASS" signature="springTestContextAfterTestMethod(java.lang.reflect.Method)[pri:0, instance:cz.fi.muni.pz165.tests.CustomerTest@854a21]" name="springTestContextAfterTestMethod" is-config="true" duration-ms="2" started-at="2015-11-17T20:29:36Z" finished-at="2015-11-17T20:29:36Z">
          <params>
            <param index="0">
              <value>
                <![CDATA[public void cz.fi.muni.pz165.tests.CustomerTest.findAllTest()]]>
              </value>
            </param>
          </params>
          <reporter-output>
          </reporter-output>
        </test-method> <!-- springTestContextAfterTestMethod -->
        <test-method status="PASS" signature="springTestContextBeforeTestMethod(java.lang.reflect.Method)[pri:0, instance:cz.fi.muni.pz165.tests.CustomerTest@854a21]" name="springTestContextBeforeTestMethod" is-config="true" duration-ms="1" started-at="2015-11-17T20:29:36Z" finished-at="2015-11-17T20:29:36Z">
          <params>
            <param index="0">
              <value>
                <![CDATA[public void cz.fi.muni.pz165.tests.CustomerTest.updateTest()]]>
              </value>
            </param>
          </params>
          <reporter-output>
          </reporter-output>
        </test-method> <!-- springTestContextBeforeTestMethod -->
        <test-method status="PASS" signature="iniTest()[pri:0, instance:cz.fi.muni.pz165.tests.CustomerTest@854a21]" name="iniTest" is-config="true" duration-ms="0" started-at="2015-11-17T20:29:36Z" finished-at="2015-11-17T20:29:36Z">
          <reporter-output>
          </reporter-output>
        </test-method> <!-- iniTest -->
        <test-method status="PASS" signature="updateTest()[pri:0, instance:cz.fi.muni.pz165.tests.CustomerTest@854a21]" name="updateTest" duration-ms="5" started-at="2015-11-17T20:29:36Z" finished-at="2015-11-17T20:29:36Z">
          <reporter-output>
          </reporter-output>
        </test-method> <!-- updateTest -->
        <test-method status="PASS" signature="springTestContextAfterTestMethod(java.lang.reflect.Method)[pri:0, instance:cz.fi.muni.pz165.tests.CustomerTest@854a21]" name="springTestContextAfterTestMethod" is-config="true" duration-ms="1" started-at="2015-11-17T20:29:36Z" finished-at="2015-11-17T20:29:36Z">
          <params>
            <param index="0">
              <value>
                <![CDATA[public void cz.fi.muni.pz165.tests.CustomerTest.updateTest()]]>
              </value>
            </param>
          </params>
          <reporter-output>
          </reporter-output>
        </test-method> <!-- springTestContextAfterTestMethod -->
        <test-method status="PASS" signature="springTestContextAfterTestClass()[pri:0, instance:cz.fi.muni.pz165.tests.CustomerTest@854a21]" name="springTestContextAfterTestClass" is-config="true" duration-ms="0" started-at="2015-11-17T20:29:36Z" finished-at="2015-11-17T20:29:36Z">
          <reporter-output>
          </reporter-output>
        </test-method> <!-- springTestContextAfterTestClass -->
      </class> <!-- cz.fi.muni.pz165.tests.CustomerTest -->
    </test> <!-- Command line test -->
  </suite> <!-- cz.fi.muni.pz165.tests.CustomerTest -->
</testng-results>
