<html>
<head>
<title>TestNG:  Command line test</title>
<link href="../testng.css" rel="stylesheet" type="text/css" />
<link href="../my-testng.css" rel="stylesheet" type="text/css" />

<style type="text/css">
.log { display: none;} 
.stack-trace { display: none;} 
</style>
<script type="text/javascript">
<!--
function flip(e) {
  current = e.style.display;
  if (current == 'block') {
    e.style.display = 'none';
    return 0;
  }
  else {
    e.style.display = 'block';
    return 1;
  }
}

function toggleBox(szDivId, elem, msg1, msg2)
{
  var res = -1;  if (document.getElementById) {
    res = flip(document.getElementById(szDivId));
  }
  else if (document.all) {
    // this is the way old msie versions work
    res = flip(document.all[szDivId]);
  }
  if(elem) {
    if(res == 0) elem.innerHTML = msg1; else elem.innerHTML = msg2;
  }

}

function toggleAllBoxes() {
  if (document.getElementsByTagName) {
    d = document.getElementsByTagName('div');
    for (i = 0; i < d.length; i++) {
      if (d[i].className == 'log') {
        flip(d[i]);
      }
    }
  }
}

// -->
</script>

</head>
<body>
<h2 align='center'>Command line test</h2><table border='1' align="center">
<tr>
<td>Tests passed/Failed/Skipped:</td><td>16/0/0</td>
</tr><tr>
<td>Started on:</td><td>Tue Nov 17 20:29:00 CET 2015</td>
</tr>
<tr><td>Total time:</td><td>5 seconds (5786 ms)</td>
</tr><tr>
<td>Included groups:</td><td></td>
</tr><tr>
<td>Excluded groups:</td><td></td>
</tr>
</table><p/>
<small><i>(Hover the method name to see the test class name)</i></small><p/>
<table width='100%' border='1' class='invocation-passed'>
<tr><td colspan='4' align='center'><b>PASSED TESTS</b></td></tr>
<tr><td><b>Test method</b></td>
<td width="30%"><b>Exception</b></td>
<td width="10%"><b>Time (seconds)</b></td>
<td><b>Instance</b></td>
</tr>
<tr>
<td title='cz.fi.muni.pz165.tests.EmployeeTest.add_find_test()'><b>add_find_test</b><br>Test class: cz.fi.muni.pz165.tests.EmployeeTest</td>
<td></td>
<td>0</td>
<td>cz.fi.muni.pz165.tests.EmployeeTest@a2f910</td></tr>
<tr>
<td title='cz.fi.muni.pz165.tests.CustomerTest.createNullTest()'><b>createNullTest</b><br>Test class: cz.fi.muni.pz165.tests.CustomerTest</td>
<td><div><pre>java.lang.IllegalArgumentException: attempt to create create event with null entity
	at org.hibernate.event.spi.PersistEvent.&lt;init&gt;(PersistEvent.java:44)
	at org.hibernate.event.spi.PersistEvent.&lt;init&gt;(PersistEvent.java:37)
	at org.hibernate.internal.SessionImpl.persist(SessionImpl.java:784)
	at org.hibernate.internal.SessionImpl.persist(SessionImpl.java:789)
	at org.hibernate.jpa.spi.AbstractEntityManagerImpl.persist(AbstractEntityManagerImpl.java:1181)
	at org.springframework.orm.jpa.SharedEntityManagerCreator$SharedEntityManagerInvocationHandler.invoke(SharedEntityManagerCreator.java:289)
	at com.sun.proxy.$Proxy40.persist(Unknown Source)
	at cz.fi.muni.pa165.dogbarber.dao.CustomerDaoImpl.createCustomer(CustomerDaoImpl.java:34)
	at org.springframework.aop.support.AopUtils.invokeJoinpointUsingReflection(AopUtils.java:317)
	at org.springframework.aop.framework.ReflectiveMethodInvocation.invokeJoinpoint(ReflectiveMethodInvocation.java:190)
	at org.springframework.aop.framework.ReflectiveMethodInvocation.proceed(ReflectiveMethodInvocation.java:157)
	at org.springframework.transaction.interceptor.TransactionInterceptor$1.proceedWithInvocation(TransactionInterceptor.java:98)
	at org.springframework.transaction.interceptor.TransactionAspectSupport.invokeWithinTransaction(TransactionAspectSupport.java:262)
	at org.springframework.transaction.interceptor.TransactionInterceptor.invoke(TransactionInterceptor.java:95)
	at org.springframework.aop.framework.ReflectiveMethodInvocation.proceed(ReflectiveMethodInvocation.java:179)
	at org.springframework.aop.framework.JdkDynamicAopProxy.invoke(JdkDynamicAopProxy.java:207)
	at com.sun.proxy.$Proxy42.createCustomer(Unknown Source)
	at cz.fi.muni.pz165.tests.CustomerTest.createNullTest(CustomerTest.java:77)
	at org.springframework.test.context.testng.AbstractTestNGSpringContextTests.run(AbstractTestNGSpringContextTests.java:172)
... Removed 48 stack frames</pre></div><a href='#' onClick='toggleBox("stack-trace1773879", this, "Click to show all stack frames", "Click to hide stack frames")'>Click to show all stack frames</a>
<div class='stack-trace' id='stack-trace1773879'><pre>java.lang.IllegalArgumentException: attempt to create create event with null entity
	at org.hibernate.event.spi.PersistEvent.&lt;init&gt;(PersistEvent.java:44)
	at org.hibernate.event.spi.PersistEvent.&lt;init&gt;(PersistEvent.java:37)
	at org.hibernate.internal.SessionImpl.persist(SessionImpl.java:784)
	at org.hibernate.internal.SessionImpl.persist(SessionImpl.java:789)
	at org.hibernate.jpa.spi.AbstractEntityManagerImpl.persist(AbstractEntityManagerImpl.java:1181)
	at sun.reflect.NativeMethodAccessorImpl.invoke0(Native Method)
	at sun.reflect.NativeMethodAccessorImpl.invoke(NativeMethodAccessorImpl.java:57)
	at sun.reflect.DelegatingMethodAccessorImpl.invoke(DelegatingMethodAccessorImpl.java:43)
	at java.lang.reflect.Method.invoke(Method.java:606)
	at org.springframework.orm.jpa.SharedEntityManagerCreator$SharedEntityManagerInvocationHandler.invoke(SharedEntityManagerCreator.java:289)
	at com.sun.proxy.$Proxy40.persist(Unknown Source)
	at cz.fi.muni.pa165.dogbarber.dao.CustomerDaoImpl.createCustomer(CustomerDaoImpl.java:34)
	at sun.reflect.NativeMethodAccessorImpl.invoke0(Native Method)
	at sun.reflect.NativeMethodAccessorImpl.invoke(NativeMethodAccessorImpl.java:57)
	at sun.reflect.DelegatingMethodAccessorImpl.invoke(DelegatingMethodAccessorImpl.java:43)
	at java.lang.reflect.Method.invoke(Method.java:606)
	at org.springframework.aop.support.AopUtils.invokeJoinpointUsingReflection(AopUtils.java:317)
	at org.springframework.aop.framework.ReflectiveMethodInvocation.invokeJoinpoint(ReflectiveMethodInvocation.java:190)
	at org.springframework.aop.framework.ReflectiveMethodInvocation.proceed(ReflectiveMethodInvocation.java:157)
	at org.springframework.transaction.interceptor.TransactionInterceptor$1.proceedWithInvocation(TransactionInterceptor.java:98)
	at org.springframework.transaction.interceptor.TransactionAspectSupport.invokeWithinTransaction(TransactionAspectSupport.java:262)
	at org.springframework.transaction.interceptor.TransactionInterceptor.invoke(TransactionInterceptor.java:95)
	at org.springframework.aop.framework.ReflectiveMethodInvocation.proceed(ReflectiveMethodInvocation.java:179)
	at org.springframework.aop.framework.JdkDynamicAopProxy.invoke(JdkDynamicAopProxy.java:207)
	at com.sun.proxy.$Proxy42.createCustomer(Unknown Source)
	at cz.fi.muni.pz165.tests.CustomerTest.createNullTest(CustomerTest.java:77)
	at sun.reflect.NativeMethodAccessorImpl.invoke0(Native Method)
	at sun.reflect.NativeMethodAccessorImpl.invoke(NativeMethodAccessorImpl.java:57)
	at sun.reflect.DelegatingMethodAccessorImpl.invoke(DelegatingMethodAccessorImpl.java:43)
	at java.lang.reflect.Method.invoke(Method.java:606)
	at org.testng.internal.MethodInvocationHelper.invokeMethod(MethodInvocationHelper.java:84)
	at org.testng.internal.MethodInvocationHelper$1.runTestMethod(MethodInvocationHelper.java:200)
	at org.springframework.test.context.testng.AbstractTestNGSpringContextTests.run(AbstractTestNGSpringContextTests.java:172)
	at sun.reflect.NativeMethodAccessorImpl.invoke0(Native Method)
	at sun.reflect.NativeMethodAccessorImpl.invoke(NativeMethodAccessorImpl.java:57)
	at sun.reflect.DelegatingMethodAccessorImpl.invoke(DelegatingMethodAccessorImpl.java:43)
	at java.lang.reflect.Method.invoke(Method.java:606)
	at org.testng.internal.MethodInvocationHelper.invokeHookable(MethodInvocationHelper.java:212)
	at org.testng.internal.Invoker.invokeMethod(Invoker.java:707)
	at org.testng.internal.Invoker.invokeTestMethod(Invoker.java:901)
	at org.testng.internal.Invoker.invokeTestMethods(Invoker.java:1231)
	at org.testng.internal.TestMethodWorker.invokeTestMethods(TestMethodWorker.java:127)
	at org.testng.internal.TestMethodWorker.run(TestMethodWorker.java:111)
	at org.testng.TestRunner.privateRun(TestRunner.java:767)
	at org.testng.TestRunner.run(TestRunner.java:617)
	at org.testng.SuiteRunner.runTest(SuiteRunner.java:348)
	at org.testng.SuiteRunner.runSequentially(SuiteRunner.java:343)
	at org.testng.SuiteRunner.privateRun(SuiteRunner.java:305)
	at org.testng.SuiteRunner.run(SuiteRunner.java:254)
	at org.testng.SuiteRunnerWorker.runSuite(SuiteRunnerWorker.java:52)
	at org.testng.SuiteRunnerWorker.run(SuiteRunnerWorker.java:86)
	at org.testng.TestNG.runSuitesSequentially(TestNG.java:1224)
	at org.testng.TestNG.runSuitesLocally(TestNG.java:1149)
	at org.testng.TestNG.run(TestNG.java:1057)
	at org.apache.maven.surefire.testng.TestNGExecutor.run(TestNGExecutor.java:70)
	at org.apache.maven.surefire.testng.TestNGDirectoryTestSuite.executeMulti(TestNGDirectoryTestSuite.java:157)
	at org.apache.maven.surefire.testng.TestNGDirectoryTestSuite.execute(TestNGDirectoryTestSuite.java:97)
	at org.apache.maven.surefire.testng.TestNGProvider.invoke(TestNGProvider.java:111)
	at sun.reflect.NativeMethodAccessorImpl.invoke0(Native Method)
	at sun.reflect.NativeMethodAccessorImpl.invoke(NativeMethodAccessorImpl.java:57)
	at sun.reflect.DelegatingMethodAccessorImpl.invoke(DelegatingMethodAccessorImpl.java:43)
	at java.lang.reflect.Method.invoke(Method.java:606)
	at org.apache.maven.surefire.util.ReflectionUtils.invokeMethodWithArray(ReflectionUtils.java:164)
	at org.apache.maven.surefire.booter.ProviderFactory$ProviderProxy.invoke(ProviderFactory.java:110)
	at org.apache.maven.surefire.booter.SurefireStarter.invokeProvider(SurefireStarter.java:172)
	at org.apache.maven.surefire.booter.SurefireStarter.runSuitesInProcessWhenForked(SurefireStarter.java:104)
	at org.apache.maven.surefire.booter.ForkedBooter.main(ForkedBooter.java:70)
</pre></div></td>
<td>0</td>
<td>cz.fi.muni.pz165.tests.CustomerTest@7cc5c2</td></tr>
<tr>
<td title='cz.fi.muni.pz165.tests.CustomerTest.createSuccessTest()'><b>createSuccessTest</b><br>Test class: cz.fi.muni.pz165.tests.CustomerTest</td>
<td></td>
<td>0</td>
<td>cz.fi.muni.pz165.tests.CustomerTest@7cc5c2</td></tr>
<tr>
<td title='cz.fi.muni.pz165.tests.EmployeeTest.create_update_addService_test()'><b>create_update_addService_test</b><br>Test class: cz.fi.muni.pz165.tests.EmployeeTest</td>
<td></td>
<td>0</td>
<td>cz.fi.muni.pz165.tests.EmployeeTest@a2f910</td></tr>
<tr>
<td title='cz.fi.muni.pz165.tests.CustomerTest.deleteNullTest()'><b>deleteNullTest</b><br>Test class: cz.fi.muni.pz165.tests.CustomerTest</td>
<td><div><pre>java.lang.IllegalArgumentException: Tried to delete null entity.
	at cz.fi.muni.pa165.dogbarber.dao.CustomerDaoImpl.deleteCustomer(CustomerDaoImpl.java:40)
	at org.springframework.aop.support.AopUtils.invokeJoinpointUsingReflection(AopUtils.java:317)
	at org.springframework.aop.framework.ReflectiveMethodInvocation.invokeJoinpoint(ReflectiveMethodInvocation.java:190)
	at org.springframework.aop.framework.ReflectiveMethodInvocation.proceed(ReflectiveMethodInvocation.java:157)
	at org.springframework.transaction.interceptor.TransactionInterceptor$1.proceedWithInvocation(TransactionInterceptor.java:98)
	at org.springframework.transaction.interceptor.TransactionAspectSupport.invokeWithinTransaction(TransactionAspectSupport.java:262)
	at org.springframework.transaction.interceptor.TransactionInterceptor.invoke(TransactionInterceptor.java:95)
	at org.springframework.aop.framework.ReflectiveMethodInvocation.proceed(ReflectiveMethodInvocation.java:179)
	at org.springframework.aop.framework.JdkDynamicAopProxy.invoke(JdkDynamicAopProxy.java:207)
	at com.sun.proxy.$Proxy42.deleteCustomer(Unknown Source)
	at cz.fi.muni.pz165.tests.CustomerTest.deleteNullTest(CustomerTest.java:95)
	at org.springframework.test.context.testng.AbstractTestNGSpringContextTests.run(AbstractTestNGSpringContextTests.java:172)
... Removed 44 stack frames</pre></div><a href='#' onClick='toggleBox("stack-trace4071506", this, "Click to show all stack frames", "Click to hide stack frames")'>Click to show all stack frames</a>
<div class='stack-trace' id='stack-trace4071506'><pre>java.lang.IllegalArgumentException: Tried to delete null entity.
	at cz.fi.muni.pa165.dogbarber.dao.CustomerDaoImpl.deleteCustomer(CustomerDaoImpl.java:40)
	at sun.reflect.NativeMethodAccessorImpl.invoke0(Native Method)
	at sun.reflect.NativeMethodAccessorImpl.invoke(NativeMethodAccessorImpl.java:57)
	at sun.reflect.DelegatingMethodAccessorImpl.invoke(DelegatingMethodAccessorImpl.java:43)
	at java.lang.reflect.Method.invoke(Method.java:606)
	at org.springframework.aop.support.AopUtils.invokeJoinpointUsingReflection(AopUtils.java:317)
	at org.springframework.aop.framework.ReflectiveMethodInvocation.invokeJoinpoint(ReflectiveMethodInvocation.java:190)
	at org.springframework.aop.framework.ReflectiveMethodInvocation.proceed(ReflectiveMethodInvocation.java:157)
	at org.springframework.transaction.interceptor.TransactionInterceptor$1.proceedWithInvocation(TransactionInterceptor.java:98)
	at org.springframework.transaction.interceptor.TransactionAspectSupport.invokeWithinTransaction(TransactionAspectSupport.java:262)
	at org.springframework.transaction.interceptor.TransactionInterceptor.invoke(TransactionInterceptor.java:95)
	at org.springframework.aop.framework.ReflectiveMethodInvocation.proceed(ReflectiveMethodInvocation.java:179)
	at org.springframework.aop.framework.JdkDynamicAopProxy.invoke(JdkDynamicAopProxy.java:207)
	at com.sun.proxy.$Proxy42.deleteCustomer(Unknown Source)
	at cz.fi.muni.pz165.tests.CustomerTest.deleteNullTest(CustomerTest.java:95)
	at sun.reflect.NativeMethodAccessorImpl.invoke0(Native Method)
	at sun.reflect.NativeMethodAccessorImpl.invoke(NativeMethodAccessorImpl.java:57)
	at sun.reflect.DelegatingMethodAccessorImpl.invoke(DelegatingMethodAccessorImpl.java:43)
	at java.lang.reflect.Method.invoke(Method.java:606)
	at org.testng.internal.MethodInvocationHelper.invokeMethod(MethodInvocationHelper.java:84)
	at org.testng.internal.MethodInvocationHelper$1.runTestMethod(MethodInvocationHelper.java:200)
	at org.springframework.test.context.testng.AbstractTestNGSpringContextTests.run(AbstractTestNGSpringContextTests.java:172)
	at sun.reflect.NativeMethodAccessorImpl.invoke0(Native Method)
	at sun.reflect.NativeMethodAccessorImpl.invoke(NativeMethodAccessorImpl.java:57)
	at sun.reflect.DelegatingMethodAccessorImpl.invoke(DelegatingMethodAccessorImpl.java:43)
	at java.lang.reflect.Method.invoke(Method.java:606)
	at org.testng.internal.MethodInvocationHelper.invokeHookable(MethodInvocationHelper.java:212)
	at org.testng.internal.Invoker.invokeMethod(Invoker.java:707)
	at org.testng.internal.Invoker.invokeTestMethod(Invoker.java:901)
	at org.testng.internal.Invoker.invokeTestMethods(Invoker.java:1231)
	at org.testng.internal.TestMethodWorker.invokeTestMethods(TestMethodWorker.java:127)
	at org.testng.internal.TestMethodWorker.run(TestMethodWorker.java:111)
	at org.testng.TestRunner.privateRun(TestRunner.java:767)
	at org.testng.TestRunner.run(TestRunner.java:617)
	at org.testng.SuiteRunner.runTest(SuiteRunner.java:348)
	at org.testng.SuiteRunner.runSequentially(SuiteRunner.java:343)
	at org.testng.SuiteRunner.privateRun(SuiteRunner.java:305)
	at org.testng.SuiteRunner.run(SuiteRunner.java:254)
	at org.testng.SuiteRunnerWorker.runSuite(SuiteRunnerWorker.java:52)
	at org.testng.SuiteRunnerWorker.run(SuiteRunnerWorker.java:86)
	at org.testng.TestNG.runSuitesSequentially(TestNG.java:1224)
	at org.testng.TestNG.runSuitesLocally(TestNG.java:1149)
	at org.testng.TestNG.run(TestNG.java:1057)
	at org.apache.maven.surefire.testng.TestNGExecutor.run(TestNGExecutor.java:70)
	at org.apache.maven.surefire.testng.TestNGDirectoryTestSuite.executeMulti(TestNGDirectoryTestSuite.java:157)
	at org.apache.maven.surefire.testng.TestNGDirectoryTestSuite.execute(TestNGDirectoryTestSuite.java:97)
	at org.apache.maven.surefire.testng.TestNGProvider.invoke(TestNGProvider.java:111)
	at sun.reflect.NativeMethodAccessorImpl.invoke0(Native Method)
	at sun.reflect.NativeMethodAccessorImpl.invoke(NativeMethodAccessorImpl.java:57)
	at sun.reflect.DelegatingMethodAccessorImpl.invoke(DelegatingMethodAccessorImpl.java:43)
	at java.lang.reflect.Method.invoke(Method.java:606)
	at org.apache.maven.surefire.util.ReflectionUtils.invokeMethodWithArray(ReflectionUtils.java:164)
	at org.apache.maven.surefire.booter.ProviderFactory$ProviderProxy.invoke(ProviderFactory.java:110)
	at org.apache.maven.surefire.booter.SurefireStarter.invokeProvider(SurefireStarter.java:172)
	at org.apache.maven.surefire.booter.SurefireStarter.runSuitesInProcessWhenForked(SurefireStarter.java:104)
	at org.apache.maven.surefire.booter.ForkedBooter.main(ForkedBooter.java:70)
</pre></div></td>
<td>0</td>
<td>cz.fi.muni.pz165.tests.CustomerTest@7cc5c2</td></tr>
<tr>
<td title='cz.fi.muni.pz165.tests.CustomerTest.deleteTest()'><b>deleteTest</b><br>Test class: cz.fi.muni.pz165.tests.CustomerTest</td>
<td></td>
<td>0</td>
<td>cz.fi.muni.pz165.tests.CustomerTest@7cc5c2</td></tr>
<tr>
<td title='cz.fi.muni.pz165.tests.DogDaoTest.dogAddTest()'><b>dogAddTest</b><br>Test class: cz.fi.muni.pz165.tests.DogDaoTest</td>
<td></td>
<td>0</td>
<td>cz.fi.muni.pz165.tests.DogDaoTest@12803ba</td></tr>
<tr>
<td title='cz.fi.muni.pz165.tests.CustomerTest.findAllTest()'><b>findAllTest</b><br>Test class: cz.fi.muni.pz165.tests.CustomerTest</td>
<td></td>
<td>0</td>
<td>cz.fi.muni.pz165.tests.CustomerTest@7cc5c2</td></tr>
<tr>
<td title='cz.fi.muni.pz165.tests.EmployeeTest.remove_test()'><b>remove_test</b><br>Test class: cz.fi.muni.pz165.tests.EmployeeTest</td>
<td></td>
<td>0</td>
<td>cz.fi.muni.pz165.tests.EmployeeTest@a2f910</td></tr>
<tr>
<td title='cz.fi.muni.pz165.tests.ServiceTest.testDelete()'><b>testDelete</b><br>Test class: cz.fi.muni.pz165.tests.ServiceTest</td>
<td></td>
<td>0</td>
<td>cz.fi.muni.pz165.tests.ServiceTest@184b649</td></tr>
<tr>
<td title='cz.fi.muni.pz165.tests.ServiceTest.testEmptyDB()'><b>testEmptyDB</b><br>Test class: cz.fi.muni.pz165.tests.ServiceTest</td>
<td></td>
<td>0</td>
<td>cz.fi.muni.pz165.tests.ServiceTest@184b649</td></tr>
<tr>
<td title='cz.fi.muni.pz165.tests.ServiceTest.testFindbyId()'><b>testFindbyId</b><br>Test class: cz.fi.muni.pz165.tests.ServiceTest</td>
<td></td>
<td>0</td>
<td>cz.fi.muni.pz165.tests.ServiceTest@184b649</td></tr>
<tr>
<td title='cz.fi.muni.pz165.tests.ServiceTest.testPriceEquals()'><b>testPriceEquals</b><br>Test class: cz.fi.muni.pz165.tests.ServiceTest</td>
<td></td>
<td>0</td>
<td>cz.fi.muni.pz165.tests.ServiceTest@184b649</td></tr>
<tr>
<td title='cz.fi.muni.pz165.tests.ServiceTest.testUpdate()'><b>testUpdate</b><br>Test class: cz.fi.muni.pz165.tests.ServiceTest</td>
<td></td>
<td>0</td>
<td>cz.fi.muni.pz165.tests.ServiceTest@184b649</td></tr>
<tr>
<td title='cz.fi.muni.pz165.tests.ServiceTest.testfindAll()'><b>testfindAll</b><br>Test class: cz.fi.muni.pz165.tests.ServiceTest</td>
<td></td>
<td>0</td>
<td>cz.fi.muni.pz165.tests.ServiceTest@184b649</td></tr>
<tr>
<td title='cz.fi.muni.pz165.tests.CustomerTest.updateTest()'><b>updateTest</b><br>Test class: cz.fi.muni.pz165.tests.CustomerTest</td>
<td></td>
<td>0</td>
<td>cz.fi.muni.pz165.tests.CustomerTest@7cc5c2</td></tr>
</table><p>
</body>
</html>